#-----------------------------------------------------------
# Vivado v2017.4 (64-bit)
# SW Build 2086221 on Fri Dec 15 20:55:39 MST 2017
# IP Build 2085800 on Fri Dec 15 22:25:07 MST 2017
# Start of session at: Wed Mar 21 16:13:31 2018
# Process ID: 6404
# Current directory: C:/Users/Sony/Desktop/vga_ps2/vga_ps2
# Command line: vivado.exe -gui_launcher_event rodinguilauncherevent452 C:\Users\Sony\Desktop\vga_ps2\vga_ps2\vga_ps2.xpr
# Log file: C:/Users/Sony/Desktop/vga_ps2/vga_ps2/vivado.log
# Journal file: C:/Users/Sony/Desktop/vga_ps2/vga_ps2\vivado.jou
#-----------------------------------------------------------
start_gui
open_project C:/Users/Sony/Desktop/vga_ps2/vga_ps2/vga_ps2.xpr
Scanning sources...
Finished scanning sources
INFO: [IP_Flow 19-234] Refreshing IP repositories
INFO: [IP_Flow 19-1704] No user IP repositories specified
INFO: [IP_Flow 19-2313] Loaded Vivado IP repository 'C:/Xilinx/Vivado/2017.4/data/ip'.
open_project: Time (s): cpu = 00:00:14 ; elapsed = 00:00:10 . Memory (MB): peak = 707.848 ; gain = 62.996
update_compile_order -fileset sources_1
synth_design -rtl -name rtl_1
Command: synth_design -rtl -name rtl_1
Starting synth_design
Using part: xc7a35tcpg236-1
Top: vga_example
---------------------------------------------------------------------------------
Starting RTL Elaboration : Time (s): cpu = 00:00:15 ; elapsed = 00:00:15 . Memory (MB): peak = 838.039 ; gain = 103.387
---------------------------------------------------------------------------------
INFO: [Synth 8-638] synthesizing module 'vga_example' [C:/Users/Sony/Desktop/vga_ps2/vga_ps2/vga_example.v:13]
INFO: [Synth 8-5534] Detected attribute (* KEEP = "TRUE" *) [C:/Users/Sony/Desktop/vga_ps2/vga_ps2/vga_example.v:37]
INFO: [Synth 8-5534] Detected attribute (* ASYNC_REG = "TRUE" *) [C:/Users/Sony/Desktop/vga_ps2/vga_ps2/vga_example.v:37]
INFO: [Synth 8-638] synthesizing module 'clk_wiz_0' [C:/Users/Sony/Desktop/vga_ps2/vga_ps2/.Xil/Vivado-6404-Sony-PC/realtime/clk_wiz_0_stub.v:5]
INFO: [Synth 8-256] done synthesizing module 'clk_wiz_0' (1#1) [C:/Users/Sony/Desktop/vga_ps2/vga_ps2/.Xil/Vivado-6404-Sony-PC/realtime/clk_wiz_0_stub.v:5]
WARNING: [Synth 8-350] instance 'clk_wiz_0' of module 'clk_wiz_0' requires 5 connections, but only 3 given [C:/Users/Sony/Desktop/vga_ps2/vga_ps2/vga_example.v:40]
INFO: [Synth 8-638] synthesizing module 'ODDR' [C:/Xilinx/Vivado/2017.4/scripts/rt/data/unisim_comp.v:30648]
	Parameter DDR_CLK_EDGE bound to: OPPOSITE_EDGE - type: string 
	Parameter INIT bound to: 1'b0 
	Parameter IS_C_INVERTED bound to: 1'b0 
	Parameter IS_D1_INVERTED bound to: 1'b0 
	Parameter IS_D2_INVERTED bound to: 1'b0 
	Parameter SRTYPE bound to: SYNC - type: string 
INFO: [Synth 8-256] done synthesizing module 'ODDR' (2#1) [C:/Xilinx/Vivado/2017.4/scripts/rt/data/unisim_comp.v:30648]
INFO: [Synth 8-638] synthesizing module 'vga_timing' [C:/Users/Sony/Desktop/vga_ps2/vga_ps2/vga_timing.v:14]
	Parameter VCOUNT_MIN bound to: 0 - type: integer 
	Parameter VCOUNT_MAX bound to: 627 - type: integer 
	Parameter HCOUNT_MIN bound to: 0 - type: integer 
	Parameter HCOUNT_MAX bound to: 1055 - type: integer 
	Parameter VSYNC_ON bound to: 601 - type: integer 
	Parameter VSYNC_OFF bound to: 605 - type: integer 
	Parameter HSYNC_ON bound to: 840 - type: integer 
	Parameter HSYNC_OFF bound to: 968 - type: integer 
	Parameter VBLNK_ON bound to: 600 - type: integer 
	Parameter HBLNK_ON bound to: 800 - type: integer 
WARNING: [Synth 8-290] fork/join block will be implemented as sequential block [C:/Users/Sony/Desktop/vga_ps2/vga_ps2/vga_timing.v:45]
INFO: [Synth 8-256] done synthesizing module 'vga_timing' (3#1) [C:/Users/Sony/Desktop/vga_ps2/vga_ps2/vga_timing.v:14]
INFO: [Synth 8-638] synthesizing module 'draw_background' [C:/Users/Sony/Desktop/vga_ps2/vga_ps2/draw_background.v:23]
INFO: [Synth 8-256] done synthesizing module 'draw_background' (4#1) [C:/Users/Sony/Desktop/vga_ps2/vga_ps2/draw_background.v:23]
INFO: [Synth 8-638] synthesizing module 'draw_rect' [C:/Users/Sony/Desktop/vga_ps2/vga_ps2/draw_rect.v:3]
	Parameter rect_width bound to: 60 - type: integer 
	Parameter rect_length bound to: 90 - type: integer 
	Parameter rect_colour bound to: 315 - type: integer 
	Parameter x_pos bound to: 0 - type: integer 
	Parameter y_pos bound to: 0 - type: integer 
INFO: [Synth 8-256] done synthesizing module 'draw_rect' (5#1) [C:/Users/Sony/Desktop/vga_ps2/vga_ps2/draw_rect.v:3]
INFO: [Synth 8-638] synthesizing module 'MouseCtl' [C:/Users/Sony/Desktop/vga_ps2/vga_ps2/MouseCtl.vhd:207]
	Parameter SYSCLK_FREQUENCY_HZ bound to: 100000000 - type: integer 
	Parameter CHECK_PERIOD_MS bound to: 500 - type: integer 
	Parameter TIMEOUT_PERIOD_MS bound to: 100 - type: integer 
INFO: [Synth 8-3491] module 'Ps2Interface' declared at 'C:/Users/Sony/Desktop/vga_ps2/vga_ps2/Ps2Interface.vhd:152' bound to instance 'Inst_Ps2Interface' of component 'Ps2Interface' [C:/Users/Sony/Desktop/vga_ps2/vga_ps2/MouseCtl.vhd:369]
INFO: [Synth 8-638] synthesizing module 'Ps2Interface' [C:/Users/Sony/Desktop/vga_ps2/vga_ps2/Ps2Interface.vhd:180]
INFO: [Synth 8-256] done synthesizing module 'Ps2Interface' (6#1) [C:/Users/Sony/Desktop/vga_ps2/vga_ps2/Ps2Interface.vhd:180]
WARNING: [Synth 8-6014] Unused sequential element inc_reg was removed.  [C:/Users/Sony/Desktop/vga_ps2/vga_ps2/MouseCtl.vhd:450]
WARNING: [Synth 8-6014] Unused sequential element x_inter_reg was removed.  [C:/Users/Sony/Desktop/vga_ps2/vga_ps2/MouseCtl.vhd:456]
WARNING: [Synth 8-6014] Unused sequential element inc_reg was removed.  [C:/Users/Sony/Desktop/vga_ps2/vga_ps2/MouseCtl.vhd:514]
WARNING: [Synth 8-6014] Unused sequential element y_inter_reg was removed.  [C:/Users/Sony/Desktop/vga_ps2/vga_ps2/MouseCtl.vhd:520]
INFO: [Synth 8-256] done synthesizing module 'MouseCtl' (7#1) [C:/Users/Sony/Desktop/vga_ps2/vga_ps2/MouseCtl.vhd:207]
WARNING: [Synth 8-350] instance 'MouseCtl' of module 'MouseCtl' requires 16 connections, but only 5 given [C:/Users/Sony/Desktop/vga_ps2/vga_ps2/vga_example.v:178]
INFO: [Synth 8-638] synthesizing module 'MouseDisplay' [C:/Users/Sony/Desktop/vga_ps2/vga_ps2/MouseDisplay.vhd:140]
WARNING: [Synth 8-614] signal 'ypos' is read in the process but is not in the sensitivity list [C:/Users/Sony/Desktop/vga_ps2/vga_ps2/MouseDisplay.vhd:208]
INFO: [Synth 8-256] done synthesizing module 'MouseDisplay' (8#1) [C:/Users/Sony/Desktop/vga_ps2/vga_ps2/MouseDisplay.vhd:140]
WARNING: [Synth 8-689] width (11) of port connection 'vcount' does not match port width (12) of module 'MouseDisplay' [C:/Users/Sony/Desktop/vga_ps2/vga_ps2/vga_example.v:199]
WARNING: [Synth 8-689] width (11) of port connection 'hcount' does not match port width (12) of module 'MouseDisplay' [C:/Users/Sony/Desktop/vga_ps2/vga_ps2/vga_example.v:202]
WARNING: [Synth 8-689] width (12) of port connection 'red_out' does not match port width (4) of module 'MouseDisplay' [C:/Users/Sony/Desktop/vga_ps2/vga_ps2/vga_example.v:206]
WARNING: [Synth 8-689] width (12) of port connection 'green_out' does not match port width (4) of module 'MouseDisplay' [C:/Users/Sony/Desktop/vga_ps2/vga_ps2/vga_example.v:207]
WARNING: [Synth 8-689] width (12) of port connection 'blue_out' does not match port width (4) of module 'MouseDisplay' [C:/Users/Sony/Desktop/vga_ps2/vga_ps2/vga_example.v:208]
WARNING: [Synth 8-350] instance 'MouseDisplay' of module 'MouseDisplay' requires 21 connections, but only 16 given [C:/Users/Sony/Desktop/vga_ps2/vga_ps2/vga_example.v:193]
INFO: [Synth 8-256] done synthesizing module 'vga_example' (9#1) [C:/Users/Sony/Desktop/vga_ps2/vga_ps2/vga_example.v:13]
WARNING: [Synth 8-3331] design draw_rect has unconnected port xpos[11]
WARNING: [Synth 8-3331] design draw_rect has unconnected port xpos[10]
WARNING: [Synth 8-3331] design draw_rect has unconnected port xpos[9]
WARNING: [Synth 8-3331] design draw_rect has unconnected port xpos[8]
WARNING: [Synth 8-3331] design draw_rect has unconnected port xpos[7]
WARNING: [Synth 8-3331] design draw_rect has unconnected port xpos[6]
WARNING: [Synth 8-3331] design draw_rect has unconnected port xpos[5]
WARNING: [Synth 8-3331] design draw_rect has unconnected port xpos[4]
WARNING: [Synth 8-3331] design draw_rect has unconnected port xpos[3]
WARNING: [Synth 8-3331] design draw_rect has unconnected port xpos[2]
WARNING: [Synth 8-3331] design draw_rect has unconnected port xpos[1]
WARNING: [Synth 8-3331] design draw_rect has unconnected port xpos[0]
WARNING: [Synth 8-3331] design draw_rect has unconnected port ypos[11]
WARNING: [Synth 8-3331] design draw_rect has unconnected port ypos[10]
WARNING: [Synth 8-3331] design draw_rect has unconnected port ypos[9]
WARNING: [Synth 8-3331] design draw_rect has unconnected port ypos[8]
WARNING: [Synth 8-3331] design draw_rect has unconnected port ypos[7]
WARNING: [Synth 8-3331] design draw_rect has unconnected port ypos[6]
WARNING: [Synth 8-3331] design draw_rect has unconnected port ypos[5]
WARNING: [Synth 8-3331] design draw_rect has unconnected port ypos[4]
WARNING: [Synth 8-3331] design draw_rect has unconnected port ypos[3]
WARNING: [Synth 8-3331] design draw_rect has unconnected port ypos[2]
WARNING: [Synth 8-3331] design draw_rect has unconnected port ypos[1]
WARNING: [Synth 8-3331] design draw_rect has unconnected port ypos[0]
---------------------------------------------------------------------------------
Finished RTL Elaboration : Time (s): cpu = 00:00:19 ; elapsed = 00:00:18 . Memory (MB): peak = 888.695 ; gain = 154.043
---------------------------------------------------------------------------------

Report Check Netlist: 
+------+------------------+-------+---------+-------+------------------+
|      |Item              |Errors |Warnings |Status |Description       |
+------+------------------+-------+---------+-------+------------------+
|1     |multi_driven_nets |      0|        0|Passed |Multi driven nets |
+------+------------------+-------+---------+-------+------------------+
WARNING: [Synth 8-3295] tying undriven pin MouseCtl:rst to constant 0 [C:/Users/Sony/Desktop/vga_ps2/vga_ps2/vga_example.v:178]
WARNING: [Synth 8-3295] tying undriven pin MouseCtl:value[11] to constant 0 [C:/Users/Sony/Desktop/vga_ps2/vga_ps2/vga_example.v:178]
WARNING: [Synth 8-3295] tying undriven pin MouseCtl:value[10] to constant 0 [C:/Users/Sony/Desktop/vga_ps2/vga_ps2/vga_example.v:178]
WARNING: [Synth 8-3295] tying undriven pin MouseCtl:value[9] to constant 0 [C:/Users/Sony/Desktop/vga_ps2/vga_ps2/vga_example.v:178]
WARNING: [Synth 8-3295] tying undriven pin MouseCtl:value[8] to constant 0 [C:/Users/Sony/Desktop/vga_ps2/vga_ps2/vga_example.v:178]
WARNING: [Synth 8-3295] tying undriven pin MouseCtl:value[7] to constant 0 [C:/Users/Sony/Desktop/vga_ps2/vga_ps2/vga_example.v:178]
WARNING: [Synth 8-3295] tying undriven pin MouseCtl:value[6] to constant 0 [C:/Users/Sony/Desktop/vga_ps2/vga_ps2/vga_example.v:178]
WARNING: [Synth 8-3295] tying undriven pin MouseCtl:value[5] to constant 0 [C:/Users/Sony/Desktop/vga_ps2/vga_ps2/vga_example.v:178]
WARNING: [Synth 8-3295] tying undriven pin MouseCtl:value[4] to constant 0 [C:/Users/Sony/Desktop/vga_ps2/vga_ps2/vga_example.v:178]
WARNING: [Synth 8-3295] tying undriven pin MouseCtl:value[3] to constant 0 [C:/Users/Sony/Desktop/vga_ps2/vga_ps2/vga_example.v:178]
WARNING: [Synth 8-3295] tying undriven pin MouseCtl:value[2] to constant 0 [C:/Users/Sony/Desktop/vga_ps2/vga_ps2/vga_example.v:178]
WARNING: [Synth 8-3295] tying undriven pin MouseCtl:value[1] to constant 0 [C:/Users/Sony/Desktop/vga_ps2/vga_ps2/vga_example.v:178]
WARNING: [Synth 8-3295] tying undriven pin MouseCtl:value[0] to constant 0 [C:/Users/Sony/Desktop/vga_ps2/vga_ps2/vga_example.v:178]
WARNING: [Synth 8-3295] tying undriven pin MouseCtl:setx to constant 0 [C:/Users/Sony/Desktop/vga_ps2/vga_ps2/vga_example.v:178]
WARNING: [Synth 8-3295] tying undriven pin MouseCtl:sety to constant 0 [C:/Users/Sony/Desktop/vga_ps2/vga_ps2/vga_example.v:178]
WARNING: [Synth 8-3295] tying undriven pin MouseCtl:setmax_x to constant 0 [C:/Users/Sony/Desktop/vga_ps2/vga_ps2/vga_example.v:178]
WARNING: [Synth 8-3295] tying undriven pin MouseCtl:setmax_y to constant 0 [C:/Users/Sony/Desktop/vga_ps2/vga_ps2/vga_example.v:178]
WARNING: [Synth 8-3295] tying undriven pin MouseDisplay:pixel_clk to constant 0 [C:/Users/Sony/Desktop/vga_ps2/vga_ps2/vga_example.v:193]
WARNING: [Synth 8-3295] tying undriven pin MouseDisplay:blank to constant 0 [C:/Users/Sony/Desktop/vga_ps2/vga_ps2/vga_example.v:193]
---------------------------------------------------------------------------------
Finished RTL Optimization Phase 1 : Time (s): cpu = 00:00:19 ; elapsed = 00:00:19 . Memory (MB): peak = 888.695 ; gain = 154.043
---------------------------------------------------------------------------------
INFO: [Project 1-454] Reading design checkpoint 'c:/Users/Sony/Desktop/vga_ps2/vga_ps2/vga_ps2.srcs/sources_1/ip/clk_wiz_0/clk_wiz_0.dcp' for cell 'clk_wiz_0'
INFO: [Netlist 29-17] Analyzing 3 Unisim elements for replacement
INFO: [Netlist 29-28] Unisim Transformation completed in 0 CPU seconds
INFO: [Project 1-479] Netlist was created with Vivado 2017.4
INFO: [Device 21-403] Loading part xc7a35tcpg236-1
INFO: [Project 1-570] Preparing netlist for logic optimization
INFO: [Opt 31-141] Inserted 1 OBUFs to IO ports without IO buffers.

Processing XDC Constraints
Initializing timing engine
Parsing XDC File [c:/Users/Sony/Desktop/vga_ps2/vga_ps2/vga_ps2.srcs/sources_1/ip/clk_wiz_0/clk_wiz_0_board.xdc] for cell 'clk_wiz_0/inst'
Finished Parsing XDC File [c:/Users/Sony/Desktop/vga_ps2/vga_ps2/vga_ps2.srcs/sources_1/ip/clk_wiz_0/clk_wiz_0_board.xdc] for cell 'clk_wiz_0/inst'
Parsing XDC File [c:/Users/Sony/Desktop/vga_ps2/vga_ps2/vga_ps2.srcs/sources_1/ip/clk_wiz_0/clk_wiz_0.xdc] for cell 'clk_wiz_0/inst'
Finished Parsing XDC File [c:/Users/Sony/Desktop/vga_ps2/vga_ps2/vga_ps2.srcs/sources_1/ip/clk_wiz_0/clk_wiz_0.xdc] for cell 'clk_wiz_0/inst'
INFO: [Project 1-236] Implementation specific constraints were found while reading constraint file [c:/Users/Sony/Desktop/vga_ps2/vga_ps2/vga_ps2.srcs/sources_1/ip/clk_wiz_0/clk_wiz_0.xdc]. These constraints will be ignored for synthesis but will be used in implementation. Impacted constraints are listed in the file [.Xil/vga_example_propImpl.xdc].
Resolution: To avoid this warning, move constraints listed in [.Xil/vga_example_propImpl.xdc] to another XDC file and exclude this new file from synthesis with the used_in_synthesis property (File Properties dialog in GUI) and re-run elaboration/synthesis.
INFO: [Timing 38-2] Deriving generated clocks
Parsing XDC File [C:/Users/Sony/Desktop/vga_ps2/vga_ps2/vga_example.xdc]
Finished Parsing XDC File [C:/Users/Sony/Desktop/vga_ps2/vga_ps2/vga_example.xdc]
Parsing XDC File [c:/Users/Sony/Desktop/vga_ps2/vga_ps2/vga_ps2.srcs/sources_1/ip/clk_wiz_0/clk_wiz_0_late.xdc] for cell 'clk_wiz_0/inst'
Finished Parsing XDC File [c:/Users/Sony/Desktop/vga_ps2/vga_ps2/vga_ps2.srcs/sources_1/ip/clk_wiz_0/clk_wiz_0_late.xdc] for cell 'clk_wiz_0/inst'
Completed Processing XDC Constraints

INFO: [Opt 31-138] Pushed 0 inverter(s) to 0 load pin(s).
INFO: [Project 1-111] Unisim Transformation Summary:
No Unisim elements were transformed.

RTL Elaboration Complete:  : Time (s): cpu = 00:00:53 ; elapsed = 00:00:54 . Memory (MB): peak = 1235.648 ; gain = 500.996
32 Infos, 57 Warnings, 0 Critical Warnings and 0 Errors encountered.
synth_design completed successfully
synth_design: Time (s): cpu = 00:00:53 ; elapsed = 00:00:54 . Memory (MB): peak = 1235.648 ; gain = 500.996
launch_runs synth_1
[Wed Mar 21 16:18:36 2018] Launched synth_1...
Run output will be captured here: C:/Users/Sony/Desktop/vga_ps2/vga_ps2/vga_ps2.runs/synth_1/runme.log
reset_run synth_1
exit
INFO: [Common 17-206] Exiting Vivado at Wed Mar 21 16:20:38 2018...
