#-----------------------------------------------------------
# Vivado v2017.4 (64-bit)
# SW Build 2086221 on Fri Dec 15 20:55:39 MST 2017
# IP Build 2085800 on Fri Dec 15 22:25:07 MST 2017
# Start of session at: Wed Mar 21 15:46:14 2018
# Process ID: 6964
# Current directory: C:/Users/Sony/Desktop/vga_ps2/vga_ps2
# Command line: vivado.exe -gui_launcher_event rodinguilauncherevent6032 C:\Users\Sony\Desktop\vga_ps2\vga_ps2\vga_ps2.xpr
# Log file: C:/Users/Sony/Desktop/vga_ps2/vga_ps2/vivado.log
# Journal file: C:/Users/Sony/Desktop/vga_ps2/vga_ps2\vivado.jou
#-----------------------------------------------------------
start_gui
open_project C:/Users/Sony/Desktop/vga_ps2/vga_ps2/vga_ps2.xpr
Scanning sources...
Finished scanning sources
INFO: [IP_Flow 19-234] Refreshing IP repositories
INFO: [IP_Flow 19-1704] No user IP repositories specified
INFO: [IP_Flow 19-2313] Loaded Vivado IP repository 'C:/Xilinx/Vivado/2017.4/data/ip'.
open_project: Time (s): cpu = 00:00:18 ; elapsed = 00:00:33 . Memory (MB): peak = 702.418 ; gain = 69.605
update_compile_order -fileset sources_1
exit
INFO: [Common 17-206] Exiting Vivado at Wed Mar 21 16:05:50 2018...
